<?xml version="1.0" encoding="UTF-8"?>
<!-- Generated by org.testng.reporters.JUnitReportReporter -->
<testsuite hostname="DESKTOP-026TUAE" failures="0" tests="1" name="testNGPractice.ExcelSample" time="0.717" errors="0" timestamp="2021-06-05T11:07:18 IST" skipped="0">
  <testcase classname="testNGPractice.ExcelSample" name="testdata" time="0.717"/>
  <system-out/>
</testsuite> <!-- testNGPractice.ExcelSample -->
