<?xml version="1.0" encoding="UTF-8"?>
<!-- Generated by org.testng.reporters.JUnitReportReporter -->
<testsuite hostname="DESKTOP-026TUAE" failures="0" tests="2" name="tests.HomePageTest" time="11.387" errors="0" timestamp="2021-05-18T18:41:18 IST" skipped="0">
  <testcase classname="tests.HomePageTest" name="testTitle" time="0.278"/>
  <system-out/>
  <testcase classname="tests.HomePageTest" name="testLogin" time="11.109"/>
  <system-out/>
</testsuite> <!-- tests.HomePageTest -->
