<?xml version="1.0" encoding="UTF-8"?>
<!-- Generated by org.testng.reporters.JUnitReportReporter -->
<testsuite hostname="DESKTOP-026TUAE" failures="0" tests="1" name="testNGPractice.PersonalLoan1" time="0.003" errors="0" timestamp="2021-06-03T11:21:04 IST" skipped="0">
  <testcase classname="testNGPractice.PersonalLoan1" name="PersonalLoan" time="0.003"/>
  <system-out/>
</testsuite> <!-- testNGPractice.PersonalLoan1 -->
