<?xml version="1.0" encoding="UTF-8"?>
<!-- Generated by org.testng.reporters.JUnitReportReporter -->
<testsuite hostname="DESKTOP-026TUAE" failures="0" tests="2" name="tests.LoginPageTest" time="0.807" errors="0" timestamp="2021-05-18T18:42:22 IST" skipped="0">
  <testcase classname="tests.LoginPageTest" name="checkLogin" time="0.613"/>
  <system-out/>
  <testcase classname="tests.LoginPageTest" name="checkWrongAlert" time="0.194"/>
  <system-out/>
</testsuite> <!-- tests.LoginPageTest -->
