<?xml version="1.0" encoding="UTF-8"?>
<!-- Generated by org.testng.reporters.JUnitReportReporter -->
<testsuite hostname="DESKTOP-026TUAE" failures="0" tests="5" name="tests.GuruLoginPageTest" time="0.058" errors="0" timestamp="2021-03-19T19:56:54 IST" skipped="0">
  <testcase classname="tests.GuruLoginPageTest" name="VerifyLoginSection" time="0.017"/>
  <system-out/>
  <testcase classname="tests.GuruLoginPageTest" name="VerifyLoginSection" time="0.013"/>
  <system-out/>
  <testcase classname="tests.GuruLoginPageTest" name="VerifyLoginSection" time="0.012"/>
  <system-out/>
  <testcase classname="tests.GuruLoginPageTest" name="VerifyLoginSection" time="0.005"/>
  <system-out/>
  <testcase classname="tests.GuruLoginPageTest" name="VerifyLoginSection" time="0.011"/>
  <system-out/>
</testsuite> <!-- tests.GuruLoginPageTest -->
