<?xml version="1.0" encoding="UTF-8"?>
<!-- Generated by org.testng.reporters.JUnitReportReporter -->
<testsuite hostname="DESKTOP-026TUAE" failures="0" tests="2" name="seleniumTest.Maven.SampleTest" time="15.180" errors="0" timestamp="2021-03-02T22:38:20 IST" skipped="0">
  <testcase classname="seleniumTest.Maven.SampleTest" name="test1" time="0.002"/>
  <system-out/>
  <testcase classname="seleniumTest.Maven.SampleTest" name="test" time="15.178"/>
  <system-out/>
</testsuite> <!-- seleniumTest.Maven.SampleTest -->
