<?xml version="1.0" encoding="UTF-8"?>
<!-- Generated by org.testng.reporters.JUnitReportReporter -->
<testsuite hostname="DESKTOP-026TUAE" failures="0" tests="1" name="testNGPractice.SampleTest" time="0.007" errors="0" timestamp="2021-06-03T21:58:20 IST" skipped="0">
  <testcase classname="testNGPractice.SampleTest" name="sampleTest" time="0.007"/>
  <system-out/>
</testsuite> <!-- testNGPractice.SampleTest -->
