<?xml version="1.0" encoding="UTF-8"?>
<!-- Generated by org.testng.reporters.JUnitReportReporter -->
<testsuite hostname="DESKTOP-026TUAE" failures="0" tests="2" name="tests.HomePageTest" time="15.926" errors="0" timestamp="2021-03-09T21:53:12 IST" skipped="0">
  <testcase classname="tests.HomePageTest" name="testLogin" time="15.849"/>
  <system-out/>
  <testcase classname="tests.HomePageTest" name="testTitle" time="0.077"/>
  <system-out/>
</testsuite> <!-- tests.HomePageTest -->
