<?xml version="1.0" encoding="UTF-8"?>
<!-- Generated by org.testng.reporters.JUnitReportReporter -->
<testsuite hostname="DESKTOP-026TUAE" failures="0" tests="1" name="tests.LoginPageTest" time="0.324" errors="0" timestamp="2021-03-09T21:53:12 IST" skipped="0">
  <testcase classname="tests.LoginPageTest" name="checkLogin" time="0.324"/>
  <system-out/>
</testsuite> <!-- tests.LoginPageTest -->
