<?xml version="1.0" encoding="UTF-8"?>
<!-- Generated by org.testng.reporters.JUnitReportReporter -->
<testsuite hostname="DESKTOP-026TUAE" failures="0" tests="1" name="tests.LoginPageTest" time="0.000" errors="0" timestamp="2021-03-09T22:42:07 IST" skipped="1">
  <testcase classname="tests.LoginPageTest" name="checkLogin" time="0.000">
    <skipped/>
  </testcase> <!-- checkLogin -->
  <system-out/>
</testsuite> <!-- tests.LoginPageTest -->
