<?xml version="1.0" encoding="UTF-8"?>
<!-- Generated by org.testng.reporters.JUnitReportReporter -->
<testsuite hostname="DESKTOP-026TUAE" failures="0" tests="1" name="testNGPractice.CarLoan1" time="0.008" errors="0" timestamp="2021-06-03T22:33:09 IST" skipped="0">
  <testcase classname="testNGPractice.CarLoan1" name="CarLoan3" time="0.008"/>
  <system-out/>
</testsuite> <!-- testNGPractice.CarLoan1 -->
