<?xml version="1.0" encoding="UTF-8"?>
<!-- Generated by org.testng.reporters.JUnitReportReporter -->
<testsuite hostname="DESKTOP-026TUAE" failures="0" tests="3" name="testNGPractice.CarLoan2" time="0.012" errors="0" timestamp="2021-06-05T10:51:39 IST" skipped="0">
  <testcase classname="testNGPractice.CarLoan2" name="CarLoan_2" time="0.005"/>
  <system-out/>
  <testcase classname="testNGPractice.CarLoan2" name="CarLoan_3" time="0.005"/>
  <system-out/>
  <testcase classname="testNGPractice.CarLoan2" name="CarLoan" time="0.002"/>
  <system-out/>
</testsuite> <!-- testNGPractice.CarLoan2 -->
