<?xml version="1.0" encoding="UTF-8"?>
<!-- Generated by org.testng.reporters.JUnitReportReporter -->
<testsuite hostname="DESKTOP-026TUAE" failures="0" tests="2" name="testNGPractice.DataProviderExm" time="0.010" errors="0" timestamp="2021-06-04T12:25:40 IST" skipped="0">
  <testcase classname="testNGPractice.DataProviderExm" name="sampleTest" time="0.004"/>
  <system-out/>
  <testcase classname="testNGPractice.DataProviderExm" name="sampleTest" time="0.006"/>
  <system-out/>
</testsuite> <!-- testNGPractice.DataProviderExm -->
