<?xml version="1.0" encoding="UTF-8"?>
<!-- Generated by org.testng.reporters.JUnitReportReporter -->
<testsuite hostname="DESKTOP-026TUAE" failures="0" tests="2" name="tests.HomePageTest" time="12.496" errors="0" timestamp="2021-03-09T23:22:39 IST" skipped="0">
  <testcase classname="tests.HomePageTest" name="testLogin" time="12.290"/>
  <system-out/>
  <testcase classname="tests.HomePageTest" name="testTitle" time="0.206"/>
  <system-out/>
</testsuite> <!-- tests.HomePageTest -->
