<?xml version="1.0" encoding="UTF-8"?>
<!-- Generated by org.testng.reporters.JUnitReportReporter -->
<testsuite hostname="DESKTOP-026TUAE" failures="0" tests="1" name="testNGPractice.PersonalLoan2" time="0.001" errors="0" timestamp="2021-06-03T22:33:09 IST" skipped="0">
  <testcase classname="testNGPractice.PersonalLoan2" name="PersonalLoan" time="0.001"/>
  <system-out/>
</testsuite> <!-- testNGPractice.PersonalLoan2 -->
