<?xml version="1.0" encoding="UTF-8"?>
<!-- Generated by org.testng.reporters.JUnitReportReporter -->
<testsuite hostname="DESKTOP-026TUAE" failures="0" tests="1" name="seleniumTest.Maven.LoginPageTest" time="0.307" errors="0" timestamp="2021-03-08T17:32:00 IST" skipped="0">
  <testcase classname="seleniumTest.Maven.LoginPageTest" name="checkLogin" time="0.307"/>
  <system-out/>
</testsuite> <!-- seleniumTest.Maven.LoginPageTest -->
