<?xml version="1.0" encoding="UTF-8"?>
<!-- Generated by org.testng.reporters.JUnitReportReporter -->
<testsuite hostname="DESKTOP-026TUAE" failures="0" tests="1" name="testNGPractice.ParameterExample" time="0.008" errors="0" timestamp="2021-06-04T12:00:05 IST" skipped="0">
  <testcase classname="testNGPractice.ParameterExample" name="sampleTest" time="0.008"/>
  <system-out/>
</testsuite> <!-- testNGPractice.ParameterExample -->
